<?xml version="1.0" encoding="UTF-8"?>
<testng-results ignored="0" total="27" passed="25" failed="2" skipped="0">
  <reporter-output>
  </reporter-output>
  <suite started-at="2022-12-23T18:59:38 IST" name="Default suite" finished-at="2022-12-23T19:01:57 IST" duration-ms="139801">
    <groups>
    </groups>
    <test started-at="2022-12-23T18:59:38 IST" name="Default test" finished-at="2022-12-23T19:01:57 IST" duration-ms="139801">
      <class name="web.WebMainPageTC">
        <test-method is-config="true" signature="webBrowserlaunch()[pri:0, instance:web.WebMainPageTC@d86a6f]" started-at="2022-12-23T18:59:38 IST" name="webBrowserlaunch" finished-at="2022-12-23T19:00:14 IST" duration-ms="36113" status="PASS">
          <reporter-output>
          </reporter-output>
        </test-method> <!-- webBrowserlaunch -->
        <test-method signature="navigate_to_homepage_click_on_SetUrLocation()[pri:0, instance:web.WebMainPageTC@d86a6f]" started-at="2022-12-23T19:00:14 IST" name="navigate_to_homepage_click_on_SetUrLocation" finished-at="2022-12-23T19:00:14 IST" duration-ms="611" status="PASS">
          <reporter-output>
          </reporter-output>
        </test-method> <!-- navigate_to_homepage_click_on_SetUrLocation -->
        <test-method signature="enter_userAddress()[pri:0, instance:web.WebMainPageTC@d86a6f]" started-at="2022-12-23T19:00:14 IST" name="enter_userAddress" finished-at="2022-12-23T19:00:21 IST" depends-on-methods="web.WebMainPageTC.navigate_to_homepage_click_on_SetUrLocation" duration-ms="6539" status="PASS">
          <reporter-output>
          </reporter-output>
        </test-method> <!-- enter_userAddress -->
        <test-method signature="MainCatSalonAtHome()[pri:3, instance:web.WebMainPageTC@d86a6f]" started-at="2022-12-23T19:00:21 IST" name="MainCatSalonAtHome" finished-at="2022-12-23T19:00:27 IST" duration-ms="6461" status="PASS">
          <reporter-output>
          </reporter-output>
        </test-method> <!-- MainCatSalonAtHome -->
        <test-method signature="BestSellersVerify()[pri:4, instance:web.WebMainPageTC@d86a6f]" started-at="2022-12-23T19:00:27 IST" name="BestSellersVerify" finished-at="2022-12-23T19:00:33 IST" duration-ms="5117" status="PASS">
          <reporter-output>
          </reporter-output>
        </test-method> <!-- BestSellersVerify -->
        <test-method signature="AddToCartButtonClicked()[pri:0, instance:web.WebMainPageTC@d86a6f]" started-at="2022-12-23T19:00:33 IST" name="AddToCartButtonClicked" finished-at="2022-12-23T19:00:33 IST" depends-on-methods="web.WebMainPageTC.BestSellersVerify" duration-ms="772" status="PASS">
          <reporter-output>
          </reporter-output>
        </test-method> <!-- AddToCartButtonClicked -->
        <test-method signature="CheckoutButtonVerify()[pri:0, instance:web.WebMainPageTC@d86a6f]" started-at="2022-12-23T19:00:33 IST" name="CheckoutButtonVerify" finished-at="2022-12-23T19:00:35 IST" depends-on-methods="web.WebMainPageTC.AddToCartButtonClicked" duration-ms="1586" status="PASS">
          <reporter-output>
          </reporter-output>
        </test-method> <!-- CheckoutButtonVerify -->
        <test-method signature="enterMobileNumber()[pri:10, instance:web.WebMainPageTC@d86a6f]" started-at="2022-12-23T19:00:35 IST" name="enterMobileNumber" finished-at="2022-12-23T19:00:41 IST" duration-ms="6467" status="PASS">
          <reporter-output>
          </reporter-output>
        </test-method> <!-- enterMobileNumber -->
        <test-method signature="ClickOnSubmitButton()[pri:11, instance:web.WebMainPageTC@d86a6f]" started-at="2022-12-23T19:00:41 IST" name="ClickOnSubmitButton" finished-at="2022-12-23T19:00:42 IST" duration-ms="449" status="PASS">
          <reporter-output>
          </reporter-output>
        </test-method> <!-- ClickOnSubmitButton -->
        <test-method signature="enterOTP()[pri:12, instance:web.WebMainPageTC@d86a6f]" started-at="2022-12-23T19:00:42 IST" name="enterOTP" finished-at="2022-12-23T19:00:43 IST" duration-ms="911" status="PASS">
          <reporter-output>
          </reporter-output>
        </test-method> <!-- enterOTP -->
        <test-method signature="ChangeButtonVerify()[pri:13, instance:web.WebMainPageTC@d86a6f]" started-at="2022-12-23T19:00:43 IST" name="ChangeButtonVerify" finished-at="2022-12-23T19:00:47 IST" duration-ms="4566" status="PASS">
          <reporter-output>
          </reporter-output>
        </test-method> <!-- ChangeButtonVerify -->
        <test-method signature="DoneButtonVerify()[pri:14, instance:web.WebMainPageTC@d86a6f]" started-at="2022-12-23T19:00:47 IST" name="DoneButtonVerify" finished-at="2022-12-23T19:00:48 IST" duration-ms="681" status="PASS">
          <reporter-output>
          </reporter-output>
        </test-method> <!-- DoneButtonVerify -->
        <test-method signature="RemoveButtonVerify()[pri:15, instance:web.WebMainPageTC@d86a6f]" started-at="2022-12-23T19:00:48 IST" name="RemoveButtonVerify" finished-at="2022-12-23T19:00:48 IST" duration-ms="360" status="PASS">
          <reporter-output>
          </reporter-output>
        </test-method> <!-- RemoveButtonVerify -->
        <test-method signature="RemoveButtonNoVerify()[pri:16, instance:web.WebMainPageTC@d86a6f]" started-at="2022-12-23T19:00:48 IST" name="RemoveButtonNoVerify" finished-at="2022-12-23T19:00:49 IST" duration-ms="361" status="PASS">
          <reporter-output>
          </reporter-output>
        </test-method> <!-- RemoveButtonNoVerify -->
        <test-method signature="CheckoutOnSchedulePageVerify()[pri:17, instance:web.WebMainPageTC@d86a6f]" started-at="2022-12-23T19:00:49 IST" name="CheckoutOnSchedulePageVerify" finished-at="2022-12-23T19:00:49 IST" duration-ms="344" status="PASS">
          <reporter-output>
          </reporter-output>
        </test-method> <!-- CheckoutOnSchedulePageVerify -->
        <test-method signature="BuildingName()[pri:18, instance:web.WebMainPageTC@d86a6f]" started-at="2022-12-23T19:00:49 IST" name="BuildingName" finished-at="2022-12-23T19:00:56 IST" duration-ms="6606" status="PASS">
          <reporter-output>
          </reporter-output>
        </test-method> <!-- BuildingName -->
        <test-method signature="Address()[pri:19, instance:web.WebMainPageTC@d86a6f]" started-at="2022-12-23T19:00:56 IST" name="Address" finished-at="2022-12-23T19:01:01 IST" duration-ms="5326" status="PASS">
          <reporter-output>
          </reporter-output>
        </test-method> <!-- Address -->
        <test-method signature="SaveButtonVerify()[pri:20, instance:web.WebMainPageTC@d86a6f]" started-at="2022-12-23T19:01:01 IST" name="SaveButtonVerify" finished-at="2022-12-23T19:01:02 IST" duration-ms="512" status="PASS">
          <reporter-output>
          </reporter-output>
        </test-method> <!-- SaveButtonVerify -->
        <test-method signature="ChangeAddressVerify()[pri:21, instance:web.WebMainPageTC@d86a6f]" started-at="2022-12-23T19:01:02 IST" name="ChangeAddressVerify" finished-at="2022-12-23T19:01:08 IST" duration-ms="6866" status="FAIL">
          <exception class="org.openqa.selenium.ElementClickInterceptedException">
            <message>
              <![CDATA[element click intercepted: Element <span class="change_address">...</span> is not clickable at point (285, 116). Other element would receive the click: <div class="loader_sec">...</div>
  (Session info: chrome=108.0.5359.128)
Build info: version: '4.5.0', revision: 'fe167b119a'
System info: os.name: 'Linux', os.arch: 'amd64', os.version: '5.15.0-56-generic', java.version: '17.0.5'
Driver info: io.appium.java_client.android.AndroidDriver
Command: [7a04ab7f-692a-492d-b873-f1cf0b4c83fe, clickElement {id=559944ed-8c78-4ddc-b241-7ed21c1d4ac0}]
Capabilities {appium:appActivity: com.google.android.apps.chr..., appium:appPackage: com.android.chrome, appium:automationName: UIAutomator2, appium:chromedriverExecutable: /home/yesmadam/Desktop/Driv..., appium:databaseEnabled: false, appium:desired: {automationName: UIAutomator2, browserName: Chrome, chromedriverExecutable: /home/yesmadam/Desktop/Driv..., deviceName: vivo, platformName: android}, appium:deviceApiLevel: 27, appium:deviceManufacturer: vivo, appium:deviceModel: vivo 1908, appium:deviceName: OVINKFHATGIR6PBE, appium:deviceScreenDensity: 320, appium:deviceScreenSize: 720x1520, appium:deviceUDID: OVINKFHATGIR6PBE, appium:javascriptEnabled: true, appium:locationContextEnabled: false, appium:networkConnectionEnabled: true, appium:pixelRatio: 2, appium:platformVersion: 8.1.0, appium:statBarHeight: 56, appium:takesScreenshot: true, appium:viewportRect: {height: 1380, left: 0, top: 56, width: 720}, appium:warnings: {}, appium:webStorageEnabled: false, browserName: Chrome, platformName: ANDROID}
Element: [[AndroidDriver: Chrome on ANDROID (7a04ab7f-692a-492d-b873-f1cf0b4c83fe)] -> xpath: //span[@class='change_address']]
Session ID: 7a04ab7f-692a-492d-b873-f1cf0b4c83fe]]>
            </message>
            <full-stacktrace>
              <![CDATA[org.openqa.selenium.ElementClickInterceptedException: element click intercepted: Element <span class="change_address">...</span> is not clickable at point (285, 116). Other element would receive the click: <div class="loader_sec">...</div>
  (Session info: chrome=108.0.5359.128)
Build info: version: '4.5.0', revision: 'fe167b119a'
System info: os.name: 'Linux', os.arch: 'amd64', os.version: '5.15.0-56-generic', java.version: '17.0.5'
Driver info: io.appium.java_client.android.AndroidDriver
Command: [7a04ab7f-692a-492d-b873-f1cf0b4c83fe, clickElement {id=559944ed-8c78-4ddc-b241-7ed21c1d4ac0}]
Capabilities {appium:appActivity: com.google.android.apps.chr..., appium:appPackage: com.android.chrome, appium:automationName: UIAutomator2, appium:chromedriverExecutable: /home/yesmadam/Desktop/Driv..., appium:databaseEnabled: false, appium:desired: {automationName: UIAutomator2, browserName: Chrome, chromedriverExecutable: /home/yesmadam/Desktop/Driv..., deviceName: vivo, platformName: android}, appium:deviceApiLevel: 27, appium:deviceManufacturer: vivo, appium:deviceModel: vivo 1908, appium:deviceName: OVINKFHATGIR6PBE, appium:deviceScreenDensity: 320, appium:deviceScreenSize: 720x1520, appium:deviceUDID: OVINKFHATGIR6PBE, appium:javascriptEnabled: true, appium:locationContextEnabled: false, appium:networkConnectionEnabled: true, appium:pixelRatio: 2, appium:platformVersion: 8.1.0, appium:statBarHeight: 56, appium:takesScreenshot: true, appium:viewportRect: {height: 1380, left: 0, top: 56, width: 720}, appium:warnings: {}, appium:webStorageEnabled: false, browserName: Chrome, platformName: ANDROID}
Element: [[AndroidDriver: Chrome on ANDROID (7a04ab7f-692a-492d-b873-f1cf0b4c83fe)] -> xpath: //span[@class='change_address']]
Session ID: 7a04ab7f-692a-492d-b873-f1cf0b4c83fe
at java.base/jdk.internal.reflect.NativeConstructorAccessorImpl.newInstance0(Native Method)
at java.base/jdk.internal.reflect.NativeConstructorAccessorImpl.newInstance(NativeConstructorAccessorImpl.java:77)
at java.base/jdk.internal.reflect.DelegatingConstructorAccessorImpl.newInstance(DelegatingConstructorAccessorImpl.java:45)
at java.base/java.lang.reflect.Constructor.newInstanceWithCaller(Constructor.java:499)
at java.base/java.lang.reflect.Constructor.newInstance(Constructor.java:480)
at org.openqa.selenium.remote.codec.w3c.W3CHttpResponseCodec.createException(W3CHttpResponseCodec.java:200)
at org.openqa.selenium.remote.codec.w3c.W3CHttpResponseCodec.decode(W3CHttpResponseCodec.java:133)
at org.openqa.selenium.remote.codec.w3c.W3CHttpResponseCodec.decode(W3CHttpResponseCodec.java:53)
at org.openqa.selenium.remote.HttpCommandExecutor.execute(HttpCommandExecutor.java:184)
at io.appium.java_client.remote.AppiumCommandExecutor.execute(AppiumCommandExecutor.java:189)
at org.openqa.selenium.remote.RemoteWebDriver.execute(RemoteWebDriver.java:547)
at org.openqa.selenium.remote.RemoteWebElement.execute(RemoteWebElement.java:257)
at org.openqa.selenium.remote.RemoteWebElement.click(RemoteWebElement.java:78)
at java.base/jdk.internal.reflect.NativeMethodAccessorImpl.invoke0(Native Method)
at java.base/jdk.internal.reflect.NativeMethodAccessorImpl.invoke(NativeMethodAccessorImpl.java:77)
at java.base/jdk.internal.reflect.DelegatingMethodAccessorImpl.invoke(DelegatingMethodAccessorImpl.java:43)
at java.base/java.lang.reflect.Method.invoke(Method.java:568)
at org.openqa.selenium.support.pagefactory.internal.LocatingElementHandler.invoke(LocatingElementHandler.java:52)
at jdk.proxy2/jdk.proxy2.$Proxy14.click(Unknown Source)
at web.webMainPage.ChangeAddressVerify(webMainPage.java:204)
at web.WebMainPageTC.ChangeAddressVerify(WebMainPageTC.java:117)
at java.base/jdk.internal.reflect.NativeMethodAccessorImpl.invoke0(Native Method)
at java.base/jdk.internal.reflect.NativeMethodAccessorImpl.invoke(NativeMethodAccessorImpl.java:77)
at java.base/jdk.internal.reflect.DelegatingMethodAccessorImpl.invoke(DelegatingMethodAccessorImpl.java:43)
at java.base/java.lang.reflect.Method.invoke(Method.java:568)
at org.testng.internal.invokers.MethodInvocationHelper.invokeMethod(MethodInvocationHelper.java:139)
at org.testng.internal.invokers.TestInvoker.invokeMethod(TestInvoker.java:677)
at org.testng.internal.invokers.TestInvoker.invokeTestMethod(TestInvoker.java:221)
at org.testng.internal.invokers.MethodRunner.runInSequence(MethodRunner.java:50)
at org.testng.internal.invokers.TestInvoker$MethodInvocationAgent.invoke(TestInvoker.java:962)
at org.testng.internal.invokers.TestInvoker.invokeTestMethods(TestInvoker.java:194)
at org.testng.internal.invokers.TestMethodWorker.invokeTestMethods(TestMethodWorker.java:148)
at org.testng.internal.invokers.TestMethodWorker.run(TestMethodWorker.java:128)
at java.base/java.util.ArrayList.forEach(ArrayList.java:1511)
at org.testng.TestRunner.privateRun(TestRunner.java:806)
at org.testng.TestRunner.run(TestRunner.java:601)
at org.testng.SuiteRunner.runTest(SuiteRunner.java:433)
at org.testng.SuiteRunner.runSequentially(SuiteRunner.java:427)
at org.testng.SuiteRunner.privateRun(SuiteRunner.java:387)
at org.testng.SuiteRunner.run(SuiteRunner.java:330)
at org.testng.SuiteRunnerWorker.runSuite(SuiteRunnerWorker.java:52)
at org.testng.SuiteRunnerWorker.run(SuiteRunnerWorker.java:95)
at org.testng.TestNG.runSuitesSequentially(TestNG.java:1256)
at org.testng.TestNG.runSuitesLocally(TestNG.java:1176)
at org.testng.TestNG.runSuites(TestNG.java:1099)
at org.testng.TestNG.run(TestNG.java:1067)
at org.testng.remote.AbstractRemoteTestNG.run(AbstractRemoteTestNG.java:115)
at org.testng.remote.RemoteTestNG.initAndRun(RemoteTestNG.java:251)
at org.testng.remote.RemoteTestNG.main(RemoteTestNG.java:77)
]]>
            </full-stacktrace>
          </exception> <!-- org.openqa.selenium.ElementClickInterceptedException -->
          <reporter-output>
          </reporter-output>
        </test-method> <!-- ChangeAddressVerify -->
        <test-method signature="BackArrowVerify()[pri:22, instance:web.WebMainPageTC@d86a6f]" started-at="2022-12-23T19:01:08 IST" name="BackArrowVerify" finished-at="2022-12-23T19:01:10 IST" duration-ms="1381" status="FAIL">
          <exception class="org.openqa.selenium.ElementClickInterceptedException">
            <message>
              <![CDATA[element click intercepted: Element <i class="fa fa-angle-left"></i> is not clickable at point (15, 22). Other element would receive the click: <div class="loader_sec">...</div>
  (Session info: chrome=108.0.5359.128)
Build info: version: '4.5.0', revision: 'fe167b119a'
System info: os.name: 'Linux', os.arch: 'amd64', os.version: '5.15.0-56-generic', java.version: '17.0.5'
Driver info: io.appium.java_client.android.AndroidDriver
Command: [7a04ab7f-692a-492d-b873-f1cf0b4c83fe, clickElement {id=2a6ab0ab-6b78-4537-b439-9e9e18e98c4a}]
Capabilities {appium:appActivity: com.google.android.apps.chr..., appium:appPackage: com.android.chrome, appium:automationName: UIAutomator2, appium:chromedriverExecutable: /home/yesmadam/Desktop/Driv..., appium:databaseEnabled: false, appium:desired: {automationName: UIAutomator2, browserName: Chrome, chromedriverExecutable: /home/yesmadam/Desktop/Driv..., deviceName: vivo, platformName: android}, appium:deviceApiLevel: 27, appium:deviceManufacturer: vivo, appium:deviceModel: vivo 1908, appium:deviceName: OVINKFHATGIR6PBE, appium:deviceScreenDensity: 320, appium:deviceScreenSize: 720x1520, appium:deviceUDID: OVINKFHATGIR6PBE, appium:javascriptEnabled: true, appium:locationContextEnabled: false, appium:networkConnectionEnabled: true, appium:pixelRatio: 2, appium:platformVersion: 8.1.0, appium:statBarHeight: 56, appium:takesScreenshot: true, appium:viewportRect: {height: 1380, left: 0, top: 56, width: 720}, appium:warnings: {}, appium:webStorageEnabled: false, browserName: Chrome, platformName: ANDROID}
Element: [[AndroidDriver: Chrome on ANDROID (7a04ab7f-692a-492d-b873-f1cf0b4c83fe)] -> xpath: //i[@class='fa fa-angle-left']]
Session ID: 7a04ab7f-692a-492d-b873-f1cf0b4c83fe]]>
            </message>
            <full-stacktrace>
              <![CDATA[org.openqa.selenium.ElementClickInterceptedException: element click intercepted: Element <i class="fa fa-angle-left"></i> is not clickable at point (15, 22). Other element would receive the click: <div class="loader_sec">...</div>
  (Session info: chrome=108.0.5359.128)
Build info: version: '4.5.0', revision: 'fe167b119a'
System info: os.name: 'Linux', os.arch: 'amd64', os.version: '5.15.0-56-generic', java.version: '17.0.5'
Driver info: io.appium.java_client.android.AndroidDriver
Command: [7a04ab7f-692a-492d-b873-f1cf0b4c83fe, clickElement {id=2a6ab0ab-6b78-4537-b439-9e9e18e98c4a}]
Capabilities {appium:appActivity: com.google.android.apps.chr..., appium:appPackage: com.android.chrome, appium:automationName: UIAutomator2, appium:chromedriverExecutable: /home/yesmadam/Desktop/Driv..., appium:databaseEnabled: false, appium:desired: {automationName: UIAutomator2, browserName: Chrome, chromedriverExecutable: /home/yesmadam/Desktop/Driv..., deviceName: vivo, platformName: android}, appium:deviceApiLevel: 27, appium:deviceManufacturer: vivo, appium:deviceModel: vivo 1908, appium:deviceName: OVINKFHATGIR6PBE, appium:deviceScreenDensity: 320, appium:deviceScreenSize: 720x1520, appium:deviceUDID: OVINKFHATGIR6PBE, appium:javascriptEnabled: true, appium:locationContextEnabled: false, appium:networkConnectionEnabled: true, appium:pixelRatio: 2, appium:platformVersion: 8.1.0, appium:statBarHeight: 56, appium:takesScreenshot: true, appium:viewportRect: {height: 1380, left: 0, top: 56, width: 720}, appium:warnings: {}, appium:webStorageEnabled: false, browserName: Chrome, platformName: ANDROID}
Element: [[AndroidDriver: Chrome on ANDROID (7a04ab7f-692a-492d-b873-f1cf0b4c83fe)] -> xpath: //i[@class='fa fa-angle-left']]
Session ID: 7a04ab7f-692a-492d-b873-f1cf0b4c83fe
at java.base/jdk.internal.reflect.NativeConstructorAccessorImpl.newInstance0(Native Method)
at java.base/jdk.internal.reflect.NativeConstructorAccessorImpl.newInstance(NativeConstructorAccessorImpl.java:77)
at java.base/jdk.internal.reflect.DelegatingConstructorAccessorImpl.newInstance(DelegatingConstructorAccessorImpl.java:45)
at java.base/java.lang.reflect.Constructor.newInstanceWithCaller(Constructor.java:499)
at java.base/java.lang.reflect.Constructor.newInstance(Constructor.java:480)
at org.openqa.selenium.remote.codec.w3c.W3CHttpResponseCodec.createException(W3CHttpResponseCodec.java:200)
at org.openqa.selenium.remote.codec.w3c.W3CHttpResponseCodec.decode(W3CHttpResponseCodec.java:133)
at org.openqa.selenium.remote.codec.w3c.W3CHttpResponseCodec.decode(W3CHttpResponseCodec.java:53)
at org.openqa.selenium.remote.HttpCommandExecutor.execute(HttpCommandExecutor.java:184)
at io.appium.java_client.remote.AppiumCommandExecutor.execute(AppiumCommandExecutor.java:189)
at org.openqa.selenium.remote.RemoteWebDriver.execute(RemoteWebDriver.java:547)
at org.openqa.selenium.remote.RemoteWebElement.execute(RemoteWebElement.java:257)
at org.openqa.selenium.remote.RemoteWebElement.click(RemoteWebElement.java:78)
at java.base/jdk.internal.reflect.NativeMethodAccessorImpl.invoke0(Native Method)
at java.base/jdk.internal.reflect.NativeMethodAccessorImpl.invoke(NativeMethodAccessorImpl.java:77)
at java.base/jdk.internal.reflect.DelegatingMethodAccessorImpl.invoke(DelegatingMethodAccessorImpl.java:43)
at java.base/java.lang.reflect.Method.invoke(Method.java:568)
at org.openqa.selenium.support.pagefactory.internal.LocatingElementHandler.invoke(LocatingElementHandler.java:52)
at jdk.proxy2/jdk.proxy2.$Proxy14.click(Unknown Source)
at web.webMainPage.BackArrowVerify(webMainPage.java:210)
at web.WebMainPageTC.BackArrowVerify(WebMainPageTC.java:124)
at java.base/jdk.internal.reflect.NativeMethodAccessorImpl.invoke0(Native Method)
at java.base/jdk.internal.reflect.NativeMethodAccessorImpl.invoke(NativeMethodAccessorImpl.java:77)
at java.base/jdk.internal.reflect.DelegatingMethodAccessorImpl.invoke(DelegatingMethodAccessorImpl.java:43)
at java.base/java.lang.reflect.Method.invoke(Method.java:568)
at org.testng.internal.invokers.MethodInvocationHelper.invokeMethod(MethodInvocationHelper.java:139)
at org.testng.internal.invokers.TestInvoker.invokeMethod(TestInvoker.java:677)
at org.testng.internal.invokers.TestInvoker.invokeTestMethod(TestInvoker.java:221)
at org.testng.internal.invokers.MethodRunner.runInSequence(MethodRunner.java:50)
at org.testng.internal.invokers.TestInvoker$MethodInvocationAgent.invoke(TestInvoker.java:962)
at org.testng.internal.invokers.TestInvoker.invokeTestMethods(TestInvoker.java:194)
at org.testng.internal.invokers.TestMethodWorker.invokeTestMethods(TestMethodWorker.java:148)
at org.testng.internal.invokers.TestMethodWorker.run(TestMethodWorker.java:128)
at java.base/java.util.ArrayList.forEach(ArrayList.java:1511)
at org.testng.TestRunner.privateRun(TestRunner.java:806)
at org.testng.TestRunner.run(TestRunner.java:601)
at org.testng.SuiteRunner.runTest(SuiteRunner.java:433)
at org.testng.SuiteRunner.runSequentially(SuiteRunner.java:427)
at org.testng.SuiteRunner.privateRun(SuiteRunner.java:387)
at org.testng.SuiteRunner.run(SuiteRunner.java:330)
at org.testng.SuiteRunnerWorker.runSuite(SuiteRunnerWorker.java:52)
at org.testng.SuiteRunnerWorker.run(SuiteRunnerWorker.java:95)
at org.testng.TestNG.runSuitesSequentially(TestNG.java:1256)
at org.testng.TestNG.runSuitesLocally(TestNG.java:1176)
at org.testng.TestNG.runSuites(TestNG.java:1099)
at org.testng.TestNG.run(TestNG.java:1067)
at org.testng.remote.AbstractRemoteTestNG.run(AbstractRemoteTestNG.java:115)
at org.testng.remote.RemoteTestNG.initAndRun(RemoteTestNG.java:251)
at org.testng.remote.RemoteTestNG.main(RemoteTestNG.java:77)
]]>
            </full-stacktrace>
          </exception> <!-- org.openqa.selenium.ElementClickInterceptedException -->
          <reporter-output>
          </reporter-output>
        </test-method> <!-- BackArrowVerify -->
        <test-method signature="SlotNoteAtButtonVerify()[pri:23, instance:web.WebMainPageTC@d86a6f]" started-at="2022-12-23T19:01:10 IST" name="SlotNoteAtButtonVerify" finished-at="2022-12-23T19:01:15 IST" duration-ms="5165" status="PASS">
          <reporter-output>
          </reporter-output>
        </test-method> <!-- SlotNoteAtButtonVerify -->
        <test-method signature="SavedAddressVerify()[pri:24, instance:web.WebMainPageTC@d86a6f]" started-at="2022-12-23T19:01:15 IST" name="SavedAddressVerify" finished-at="2022-12-23T19:01:15 IST" duration-ms="220" status="PASS">
          <reporter-output>
          </reporter-output>
        </test-method> <!-- SavedAddressVerify -->
        <test-method signature="lostOfAllSlotsDate()[pri:25, instance:web.WebMainPageTC@d86a6f]" started-at="2022-12-23T19:01:15 IST" name="lostOfAllSlotsDate" finished-at="2022-12-23T19:01:40 IST" duration-ms="25074" status="PASS">
          <reporter-output>
          </reporter-output>
        </test-method> <!-- lostOfAllSlotsDate -->
        <test-method signature="lostOfAllPrimeTimeSlotsMorVerify()[pri:26, instance:web.WebMainPageTC@d86a6f]" started-at="2022-12-23T19:01:40 IST" name="lostOfAllPrimeTimeSlotsMorVerify" finished-at="2022-12-23T19:01:46 IST" duration-ms="5246" status="PASS">
          <reporter-output>
          </reporter-output>
        </test-method> <!-- lostOfAllPrimeTimeSlotsMorVerify -->
        <test-method signature="lostOfAllNormalSlotsVerify()[pri:27, instance:web.WebMainPageTC@d86a6f]" started-at="2022-12-23T19:01:46 IST" name="lostOfAllNormalSlotsVerify" finished-at="2022-12-23T19:01:51 IST" duration-ms="5322" status="PASS">
          <reporter-output>
          </reporter-output>
        </test-method> <!-- lostOfAllNormalSlotsVerify -->
        <test-method signature="lostOfAllPrimeTimeSlotsEveVerify()[pri:28, instance:web.WebMainPageTC@d86a6f]" started-at="2022-12-23T19:01:51 IST" name="lostOfAllPrimeTimeSlotsEveVerify" finished-at="2022-12-23T19:01:56 IST" duration-ms="5279" status="PASS">
          <reporter-output>
          </reporter-output>
        </test-method> <!-- lostOfAllPrimeTimeSlotsEveVerify -->
        <test-method signature="ProceedButtonVerify()[pri:29, instance:web.WebMainPageTC@d86a6f]" started-at="2022-12-23T19:01:56 IST" name="ProceedButtonVerify" finished-at="2022-12-23T19:01:57 IST" duration-ms="484" status="PASS">
          <reporter-output>
          </reporter-output>
        </test-method> <!-- ProceedButtonVerify -->
        <test-method signature="PopUpVerify()[pri:30, instance:web.WebMainPageTC@d86a6f]" started-at="2022-12-23T19:01:57 IST" name="PopUpVerify" finished-at="2022-12-23T19:01:57 IST" duration-ms="717" status="PASS">
          <reporter-output>
          </reporter-output>
        </test-method> <!-- PopUpVerify -->
      </class> <!-- web.WebMainPageTC -->
    </test> <!-- Default test -->
  </suite> <!-- Default suite -->
</testng-results>
